GROUP,PACKAGE,CLASS,INSTRUCTION_MISSED,INSTRUCTION_COVERED,BRANCH_MISSED,BRANCH_COVERED,LINE_MISSED,LINE_COVERED,COMPLEXITY_MISSED,COMPLEXITY_COVERED,METHOD_MISSED,METHOD_COVERED
app-coverage/app-common,com.mx.core.common,Util,7,0,0,0,3,0,2,0,2,0
app-coverage/app-service,com.mx.core.service,CustomUserDetailsService,41,0,0,0,8,0,5,0,5,0
app-coverage/app-service,com.mx.core.service,UsuarioService,10,0,0,0,2,0,2,0,2,0
app-coverage/app-controller,com.mx.core.controller,SesionController,137,0,4,0,31,0,6,0,4,0
app-coverage/app-controller,com.mx.core.controller.security,JwtAuthenticationFilter,77,0,8,0,18,0,8,0,4,0
app-coverage/app-controller,com.mx.core.controller.security,JwtAuthenticationEntryPoint,18,0,0,0,5,0,3,0,3,0
app-coverage/app-controller,com.mx.core.controller.security,JwtTokenProvider,95,0,0,0,31,0,6,0,6,0
app-coverage/app-controller,com.mx.core.controller.security,SecurityConfig,143,0,0,0,30,0,11,0,11,0
